{"/home/fcrh/git-repos/class-dynamo/src/index.ts": {"path":"/home/fcrh/git-repos/class-dynamo/src/index.ts","statementMap":{"0":{"start":{"line":1,"column":0},"end":{"line":1,"column":7}},"1":{"start":{"line":3,"column":9},"end":{"line":1,"column":30}},"2":{"start":{"line":2,"column":0},"end":{"line":2,"column":27}},"3":{"start":{"line":4,"column":0},"end":{"line":4,"column":20}}},"fnMap":{},"branchMap":{},"s":{"0":0,"1":0,"2":0,"3":0},"f":{},"b":{}}
,"/home/fcrh/git-repos/class-dynamo/src/lib/custom-zod.d.ts": {"path":"/home/fcrh/git-repos/class-dynamo/src/lib/custom-zod.d.ts","statementMap":{},"fnMap":{},"branchMap":{},"s":{},"f":{},"b":{},"inputSourceMap":null}
,"/home/fcrh/git-repos/class-dynamo/src/lib/item.instance.ts": {"path":"/home/fcrh/git-repos/class-dynamo/src/lib/item.instance.ts","statementMap":{"0":{"start":{"line":5,"column":0},"end":{"line":5,"column":null}},"1":{"start":{"line":7,"column":11},"end":{"line":7,"column":47}},"2":{"start":{"line":8,"column":12},"end":{"line":8,"column":26}},"3":{"start":{"line":10,"column":15},"end":{"line":26,"column":null}},"4":{"start":{"line":11,"column":4},"end":{"line":11,"column":42}},"5":{"start":{"line":12,"column":10},"end":{"line":12,"column":73}},"6":{"start":{"line":13,"column":10},"end":{"line":13,"column":74}},"7":{"start":{"line":14,"column":4},"end":{"line":20,"column":7}},"8":{"start":{"line":15,"column":6},"end":{"line":15,"column":65}},"9":{"start":{"line":15,"column":58},"end":{"line":15,"column":65}},"10":{"start":{"line":16,"column":6},"end":{"line":19,"column":8}},"11":{"start":{"line":21,"column":4},"end":{"line":25,"column":17}},"12":{"start":{"line":27,"column":15},"end":{"line":32,"column":null}},"13":{"start":{"line":28,"column":4},"end":{"line":31,"column":17}},"14":{"start":{"line":33,"column":0},"end":{"line":33,"column":null}}},"fnMap":{"0":{"name":"(anonymous_0)","decl":{"start":{"line":5,"column":0},"end":{"line":5,"column":null}},"loc":{"start":{"line":5,"column":0},"end":{"line":33,"column":null}}},"1":{"name":"ItemInstance","decl":{"start":{"line":6,"column":2},"end":{"line":6,"column":null}},"loc":{"start":{"line":8,"column":26},"end":{"line":9,"column":6}}},"2":{"name":"(anonymous_2)","decl":{"start":{"line":10,"column":2},"end":{"line":10,"column":15}},"loc":{"start":{"line":10,"column":2},"end":{"line":26,"column":null}}},"3":{"name":"(anonymous_5)","decl":{"start":{"line":14,"column":44},"end":{"line":14,"column":53}},"loc":{"start":{"line":14,"column":53},"end":{"line":20,"column":5}}},"4":{"name":"(anonymous_6)","decl":{"start":{"line":27,"column":2},"end":{"line":27,"column":15}},"loc":{"start":{"line":27,"column":2},"end":{"line":32,"column":null}}}},"branchMap":{"0":{"loc":{"start":{"line":15,"column":6},"end":{"line":15,"column":65}},"type":"if","locations":[{"start":{"line":15,"column":6},"end":{"line":15,"column":65}},{"start":{"line":15,"column":6},"end":{"line":15,"column":65}}]},"1":{"loc":{"start":{"line":28,"column":4},"end":{"line":31,"column":17}},"type":"switch","locations":[{"start":{"line":28,"column":4},"end":{"line":31,"column":17}}]}},"s":{"0":0,"1":0,"2":0,"3":0,"4":0,"5":0,"6":0,"7":0,"8":0,"9":0,"10":0,"11":0,"12":0,"13":0,"14":0},"f":{"0":0,"1":0,"2":0,"3":0,"4":0},"b":{"0":[0,0],"1":[0]}}
,"/home/fcrh/git-repos/class-dynamo/src/lib/item.ts": {"path":"/home/fcrh/git-repos/class-dynamo/src/lib/item.ts","statementMap":{"0":{"start":{"line":1,"column":0},"end":{"line":1,"column":48}},"1":{"start":{"line":3,"column":0},"end":{"line":3,"column":35}},"2":{"start":{"line":4,"column":0},"end":{"line":4,"column":43}},"3":{"start":{"line":7,"column":0},"end":{"line":7,"column":null}},"4":{"start":{"line":13,"column":11},"end":{"line":15,"column":null}},"5":{"start":{"line":10,"column":11},"end":{"line":10,"column":28}},"6":{"start":{"line":12,"column":12},"end":{"line":12,"column":56}},"7":{"start":{"line":13,"column":11},"end":{"line":13,"column":null}},"8":{"start":{"line":17,"column":4},"end":{"line":17,"column":41}},"9":{"start":{"line":20,"column":9},"end":{"line":22,"column":null}},"10":{"start":{"line":21,"column":4},"end":{"line":21,"column":32}},"11":{"start":{"line":23,"column":9},"end":{"line":32,"column":null}},"12":{"start":{"line":24,"column":48},"end":{"line":24,"column":50}},"13":{"start":{"line":25,"column":4},"end":{"line":30,"column":7}},"14":{"start":{"line":26,"column":24},"end":{"line":26,"column":63}},"15":{"start":{"line":27,"column":6},"end":{"line":28,"column":74}},"16":{"start":{"line":28,"column":8},"end":{"line":28,"column":74}},"17":{"start":{"line":29,"column":6},"end":{"line":29,"column":33}},"18":{"start":{"line":31,"column":4},"end":{"line":31,"column":22}},"19":{"start":{"line":33,"column":9},"end":{"line":36,"column":null}},"20":{"start":{"line":34,"column":16},"end":{"line":34,"column":35}},"21":{"start":{"line":35,"column":4},"end":{"line":35,"column":39}},"22":{"start":{"line":37,"column":15},"end":{"line":46,"column":null}},"23":{"start":{"line":40,"column":21},"end":{"line":43,"column":null}},"24":{"start":{"line":40,"column":12},"end":{"line":40,"column":21}},"25":{"start":{"line":44,"column":4},"end":{"line":44,"column":77}},"26":{"start":{"line":44,"column":15},"end":{"line":44,"column":77}},"27":{"start":{"line":45,"column":4},"end":{"line":45,"column":55}},"28":{"start":{"line":47,"column":9},"end":{"line":47,"column":null}},"29":{"start":{"line":48,"column":15},"end":{"line":61,"column":null}},"30":{"start":{"line":50,"column":8},"end":{"line":50,"column":44}},"31":{"start":{"line":52,"column":18},"end":{"line":55,"column":null}},"32":{"start":{"line":52,"column":12},"end":{"line":55,"column":null}},"33":{"start":{"line":56,"column":6},"end":{"line":56,"column":46}},"34":{"start":{"line":57,"column":6},"end":{"line":57,"column":28}},"35":{"start":{"line":57,"column":22},"end":{"line":57,"column":28}},"36":{"start":{"line":58,"column":6},"end":{"line":58,"column":31}},"37":{"start":{"line":59,"column":13},"end":{"line":59,"column":null}},"38":{"start":{"line":59,"column":29},"end":{"line":59,"column":null}},"39":{"start":{"line":60,"column":4},"end":{"line":60,"column":54}},"40":{"start":{"line":60,"column":29},"end":{"line":60,"column":53}},"41":{"start":{"line":62,"column":0},"end":{"line":62,"column":null}}},"fnMap":{"0":{"name":"(anonymous_0)","decl":{"start":{"line":7,"column":0},"end":{"line":7,"column":null}},"loc":{"start":{"line":7,"column":0},"end":{"line":62,"column":null}}},"1":{"name":"Item","decl":{"start":{"line":9,"column":2},"end":{"line":9,"column":null}},"loc":{"start":{"line":15,"column":5},"end":{"line":18,"column":3}}},"2":{"name":"(anonymous_2)","decl":{"start":{"line":20,"column":2},"end":{"line":20,"column":9}},"loc":{"start":{"line":20,"column":28},"end":{"line":22,"column":3}}},"3":{"name":"(anonymous_3)","decl":{"start":{"line":23,"column":2},"end":{"line":23,"column":9}},"loc":{"start":{"line":23,"column":68},"end":{"line":32,"column":3}}},"4":{"name":"(anonymous_4)","decl":{"start":{"line":25,"column":39},"end":{"line":25,"column":42}},"loc":{"start":{"line":25,"column":42},"end":{"line":30,"column":5}}},"5":{"name":"(anonymous_5)","decl":{"start":{"line":33,"column":2},"end":{"line":33,"column":9}},"loc":{"start":{"line":33,"column":29},"end":{"line":36,"column":3}}},"6":{"name":"(anonymous_6)","decl":{"start":{"line":37,"column":2},"end":{"line":37,"column":15}},"loc":{"start":{"line":39,"column":3},"end":{"line":46,"column":null}}},"7":{"name":"(anonymous_9)","decl":{"start":{"line":47,"column":2},"end":{"line":47,"column":9}},"loc":{"start":{"line":47,"column":2},"end":{"line":47,"column":19}}},"8":{"name":"(anonymous_10)","decl":{"start":{"line":48,"column":2},"end":{"line":48,"column":15}},"loc":{"start":{"line":48,"column":2},"end":{"line":61,"column":null}}},"9":{"name":"(anonymous_13)","decl":{"start":{"line":60,"column":21},"end":{"line":60,"column":25}},"loc":{"start":{"line":60,"column":25},"end":{"line":60,"column":33}}}},"branchMap":{"0":{"loc":{"start":{"line":13,"column":11},"end":{"line":15,"column":null}},"type":"if","locations":[{"start":{"line":13,"column":11},"end":{"line":15,"column":null}},{"start":{"line":13,"column":11},"end":{"line":15,"column":null}}]},"1":{"loc":{"start":{"line":27,"column":6},"end":{"line":28,"column":74}},"type":"if","locations":[{"start":{"line":27,"column":6},"end":{"line":28,"column":74}},{"start":{"line":27,"column":6},"end":{"line":28,"column":74}}]},"2":{"loc":{"start":{"line":40,"column":21},"end":{"line":43,"column":null}},"type":"switch","locations":[{"start":{"line":40,"column":21},"end":{"line":43,"column":null}}]},"3":{"loc":{"start":{"line":44,"column":4},"end":{"line":44,"column":77}},"type":"if","locations":[{"start":{"line":44,"column":4},"end":{"line":44,"column":77}},{"start":{"line":44,"column":4},"end":{"line":44,"column":77}}]},"4":{"loc":{"start":{"line":52,"column":18},"end":{"line":55,"column":null}},"type":"switch","locations":[{"start":{"line":52,"column":18},"end":{"line":55,"column":null}},{"start":{"line":60,"column":4},"end":{"line":60,"column":54}}]},"5":{"loc":{"start":{"line":57,"column":6},"end":{"line":57,"column":28}},"type":"if","locations":[{"start":{"line":57,"column":6},"end":{"line":57,"column":28}},{"start":{"line":57,"column":6},"end":{"line":57,"column":28}}]},"6":{"loc":{"start":{"line":59,"column":13},"end":{"line":59,"column":null}},"type":"if","locations":[{"start":{"line":59,"column":13},"end":{"line":59,"column":null}},{"start":{"line":59,"column":13},"end":{"line":59,"column":null}}]}},"s":{"0":0,"1":0,"2":0,"3":0,"4":0,"5":0,"6":0,"7":0,"8":0,"9":0,"10":0,"11":0,"12":0,"13":0,"14":0,"15":0,"16":0,"17":0,"18":0,"19":0,"20":0,"21":0,"22":0,"23":0,"24":0,"25":0,"26":0,"27":0,"28":0,"29":0,"30":0,"31":0,"32":0,"33":0,"34":0,"35":0,"36":0,"37":0,"38":0,"39":0,"40":0,"41":0},"f":{"0":0,"1":0,"2":0,"3":0,"4":0,"5":0,"6":0,"7":0,"8":0,"9":0},"b":{"0":[0,0],"1":[0,0],"2":[0],"3":[0,0],"4":[0,0],"5":[0,0],"6":[0,0]}}
}
