TN:
SF:src/index.ts
FNF:0
FNH:0
DA:1,0
DA:2,0
DA:3,0
DA:4,0
LF:4
LH:0
BRF:0
BRH:0
end_of_record
TN:
SF:src/lib/custom-zod.d.ts
FNF:0
FNH:0
LF:0
LH:0
BRF:0
BRH:0
end_of_record
TN:
SF:src/lib/item.instance.ts
FN:5,(anonymous_0)
FN:6,ItemInstance
FN:10,(anonymous_2)
FN:14,(anonymous_5)
FN:27,(anonymous_6)
FNF:5
FNH:0
FNDA:0,(anonymous_0)
FNDA:0,ItemInstance
FNDA:0,(anonymous_2)
FNDA:0,(anonymous_5)
FNDA:0,(anonymous_6)
DA:5,0
DA:7,0
DA:8,0
DA:10,0
DA:11,0
DA:12,0
DA:13,0
DA:14,0
DA:15,0
DA:16,0
DA:21,0
DA:27,0
DA:28,0
DA:33,0
LF:14
LH:0
BRDA:15,0,0,0
BRDA:15,0,1,0
BRDA:28,1,0,0
BRF:3
BRH:0
end_of_record
TN:
SF:src/lib/item.ts
FN:7,(anonymous_0)
FN:9,Item
FN:20,(anonymous_2)
FN:23,(anonymous_3)
FN:25,(anonymous_4)
FN:33,(anonymous_5)
FN:37,(anonymous_6)
FN:47,(anonymous_9)
FN:48,(anonymous_10)
FN:60,(anonymous_13)
FNF:10
FNH:0
FNDA:0,(anonymous_0)
FNDA:0,Item
FNDA:0,(anonymous_2)
FNDA:0,(anonymous_3)
FNDA:0,(anonymous_4)
FNDA:0,(anonymous_5)
FNDA:0,(anonymous_6)
FNDA:0,(anonymous_9)
FNDA:0,(anonymous_10)
FNDA:0,(anonymous_13)
DA:1,0
DA:3,0
DA:4,0
DA:7,0
DA:10,0
DA:12,0
DA:13,0
DA:17,0
DA:20,0
DA:21,0
DA:23,0
DA:24,0
DA:25,0
DA:26,0
DA:27,0
DA:28,0
DA:29,0
DA:31,0
DA:33,0
DA:34,0
DA:35,0
DA:37,0
DA:40,0
DA:44,0
DA:45,0
DA:47,0
DA:48,0
DA:50,0
DA:52,0
DA:56,0
DA:57,0
DA:58,0
DA:59,0
DA:60,0
DA:62,0
LF:35
LH:0
BRDA:13,0,0,0
BRDA:13,0,1,0
BRDA:27,1,0,0
BRDA:27,1,1,0
BRDA:40,2,0,0
BRDA:44,3,0,0
BRDA:44,3,1,0
BRDA:52,4,0,0
BRDA:52,4,1,0
BRDA:57,5,0,0
BRDA:57,5,1,0
BRDA:59,6,0,0
BRDA:59,6,1,0
BRF:13
BRH:0
end_of_record
